project/BOOK/app/build/outputs/logs/manifest-merger-debug-report.txt
-- Merging decision tree log ---
manifest
ADDED from src\main\AndroidManifest.xml:2:1-40:12
INJECTED from src\main\AndroidManifest.xml:2:1-40:12
INJECTED from src\main\AndroidManifest.xml:2:1-40:12
INJECTED from src\main\AndroidManifest.xml:2:1-40:12
INJECTED from src\main\AndroidManifest.xml:2:1-40:12
INJECTED from src\main\AndroidManifest.xml:2:1-40:12
INJECTED from src\main\AndroidManifest.xml:2:1-40:12
	package
		ADDED from src\main\AndroidManifest.xml:3:5-47
		INJECTED from src\main\AndroidManifest.xml
		INJECTED from src\main\AndroidManifest.xml
	android:versionName
		ADDED from src\main\AndroidManifest.xml:5:5-30
		INJECTED from src\main\AndroidManifest.xml
		INJECTED from src\main\AndroidManifest.xml
	xmlns:android
		ADDED from src\main\AndroidManifest.xml:2:11-69
	android:versionCode
		ADDED from src\main\AndroidManifest.xml:4:5-28
		INJECTED from src\main\AndroidManifest.xml
		INJECTED from src\main\AndroidManifest.xml
uses-sdk
ADDED from src\main\AndroidManifest.xml:7:5-44
INJECTED from src\main\AndroidManifest.xml:7:5-44
INJECTED from src\main\AndroidManifest.xml:7:5-44
INJECTED from src\main\AndroidManifest.xml:7:5-44
INJECTED from src\main\AndroidManifest.xml:7:5-44
	android:targetSdkVersion
		INJECTED from src\main\AndroidManifest.xml
		ADDED from src\main\AndroidManifest.xml:7:5-44
		INJECTED from src\main\AndroidManifest.xml
	android:minSdkVersion
		ADDED from src\main\AndroidManifest.xml:7:15-41
		INJECTED from src\main\AndroidManifest.xml
		INJECTED from src\main\AndroidManifest.xml
application
ADDED from src\main\AndroidManifest.xml:9:5-38:19
	android:label
		ADDED from src\main\AndroidManifest.xml:11:9-41
	android:icon
		ADDED from src\main\AndroidManifest.xml:10:9-45
activity#com.eoemobile.book.ex_widgetdemo.BOOKActivity
ADDED from src\main\AndroidManifest.xml:12:9-20:20
	android:label
		ADDED from src\main\AndroidManifest.xml:14:13-45
	android:name
		ADDED from src\main\AndroidManifest.xml:13:13-41
intent-filter#android.intent.action.MAIN+android.intent.category.LAUNCHER
ADDED from src\main\AndroidManifest.xml:15:13-19:29
action#android.intent.action.MAIN
ADDED from src\main\AndroidManifest.xml:16:17-69
	android:name
		ADDED from src\main\AndroidManifest.xml:16:25-66
category#android.intent.category.LAUNCHER
ADDED from src\main\AndroidManifest.xml:18:17-77
	android:name
		ADDED from src\main\AndroidManifest.xml:18:27-74
activity#com.eoemobile.book.ex_widgetdemo.ViewTextActivity
ADDED from src\main\AndroidManifest.xml:22:6-59
	android:name
		ADDED from src\main\AndroidManifest.xml:22:16-47
activity#com.eoemobile.book.ex_widgetdemo.EditTextActivity
ADDED from src\main\AndroidManifest.xml:23:7-60
	android:name
		ADDED from src\main\AndroidManifest.xml:23:17-48
activity#com.eoemobile.book.ex_widgetdemo.CheckBoxActivity
ADDED from src\main\AndroidManifest.xml:24:7-60
	android:name
		ADDED from src\main\AndroidManifest.xml:24:17-48
activity#com.eoemobile.book.ex_widgetdemo.RadioGroupActivity
ADDED from src\main\AndroidManifest.xml:25:7-62
	android:name
		ADDED from src\main\AndroidManifest.xml:25:17-50
activity#com.eoemobile.book.ex_widgetdemo.SpinnerActivity
ADDED from src\main\AndroidManifest.xml:26:7-59
	android:name
		ADDED from src\main\AndroidManifest.xml:26:17-47
activity#com.eoemobile.book.ex_widgetdemo.AutoCompleteTextViewActivity
ADDED from src\main\AndroidManifest.xml:27:7-72
	android:name
		ADDED from src\main\AndroidManifest.xml:27:17-60
activity#com.eoemobile.book.ex_widgetdemo.DatePickerActivity
ADDED from src\main\AndroidManifest.xml:28:7-62
	android:name
		ADDED from src\main\AndroidManifest.xml:28:17-50
activity#com.eoemobile.book.ex_widgetdemo.TimePickerActivity
ADDED from src\main\AndroidManifest.xml:29:7-62
	android:name
		ADDED from src\main\AndroidManifest.xml:29:17-50
activity#com.eoemobile.book.ex_widgetdemo.ProgressBarActivity
ADDED from src\main\AndroidManifest.xml:30:7-63
	android:name
		ADDED from src\main\AndroidManifest.xml:30:17-51
activity#com.eoemobile.book.ex_widgetdemo.SeekBarActivity
ADDED from src\main\AndroidManifest.xml:31:7-59
	android:name
		ADDED from src\main\AndroidManifest.xml:31:17-47
activity#com.eoemobile.book.ex_widgetdemo.RatingBarActivity
ADDED from src\main\AndroidManifest.xml:32:7-61
	android:name
		ADDED from src\main\AndroidManifest.xml:32:17-49
activity#com.eoemobile.book.ex_widgetdemo.ImageViewActivity
ADDED from src\main\AndroidManifest.xml:33:7-61
	android:name
		ADDED from src\main\AndroidManifest.xml:33:17-49
activity#com.eoemobile.book.ex_widgetdemo.ImageButtonActivity
ADDED from src\main\AndroidManifest.xml:34:7-63
	android:name
		ADDED from src\main\AndroidManifest.xml:34:17-51
activity#com.eoemobile.book.ex_widgetdemo.ImageShowActivity
ADDED from src\main\AndroidManifest.xml:35:7-61
	android:name
		ADDED from src\main\AndroidManifest.xml:35:17-49
activity#com.eoemobile.book.ex_widgetdemo.GridViewActivity
ADDED from src\main\AndroidManifest.xml:36:7-60
	android:name
		ADDED from src\main\AndroidManifest.xml:36:17-48
activity#com.eoemobile.book.ex_widgetdemo.TabDemoActivity
ADDED from src\main\AndroidManifest.xml:37:7-59
	android:name
		ADDED from src\main\AndroidManifest.xml:37:17-47